c:\users\gautjekski\desktop\programming_4\burgertime\minigin\x64\debug\minigin.pch
c:\users\gautjekski\desktop\programming_4\burgertime\x64\debug\minigin.pdb
c:\users\gautjekski\desktop\programming_4\burgertime\x64\debug\minigin.idb
c:\users\gautjekski\desktop\programming_4\burgertime\minigin\x64\debug\miniginpch.obj
c:\users\gautjekski\desktop\programming_4\burgertime\minigin\x64\debug\servicelocator.obj
c:\users\gautjekski\desktop\programming_4\burgertime\minigin\x64\debug\sdlmixeraudioservice.obj
c:\users\gautjekski\desktop\programming_4\burgertime\minigin\x64\debug\scenemanager.obj
c:\users\gautjekski\desktop\programming_4\burgertime\minigin\x64\debug\scene.obj
c:\users\gautjekski\desktop\programming_4\burgertime\minigin\x64\debug\resourcemanager.obj
c:\users\gautjekski\desktop\programming_4\burgertime\minigin\x64\debug\renderer.obj
c:\users\gautjekski\desktop\programming_4\burgertime\minigin\x64\debug\quitcommand.obj
c:\users\gautjekski\desktop\programming_4\burgertime\minigin\x64\debug\observer.obj
c:\users\gautjekski\desktop\programming_4\burgertime\minigin\x64\debug\minigin.obj
c:\users\gautjekski\desktop\programming_4\burgertime\minigin\x64\debug\keyboardcontroller.obj
c:\users\gautjekski\desktop\programming_4\burgertime\minigin\x64\debug\inputmanager.obj
c:\users\gautjekski\desktop\programming_4\burgertime\minigin\x64\debug\gameobject.obj
c:\users\gautjekski\desktop\programming_4\burgertime\minigin\x64\debug\game.obj
c:\users\gautjekski\desktop\programming_4\burgertime\minigin\x64\debug\font.obj
c:\users\gautjekski\desktop\programming_4\burgertime\minigin\x64\debug\eventqueue.obj
c:\users\gautjekski\desktop\programming_4\burgertime\minigin\x64\debug\eventlistener.obj
c:\users\gautjekski\desktop\programming_4\burgertime\minigin\x64\debug\event.obj
c:\users\gautjekski\desktop\programming_4\burgertime\minigin\x64\debug\component.obj
c:\users\gautjekski\desktop\programming_4\burgertime\minigin\x64\debug\command.obj
c:\users\gautjekski\desktop\programming_4\burgertime\minigin\x64\debug\audioservice.obj
c:\users\gautjekski\desktop\programming_4\burgertime\minigin\x64\debug\xboxcontroller.obj
c:\users\gautjekski\desktop\programming_4\burgertime\minigin\x64\debug\transform.obj
c:\users\gautjekski\desktop\programming_4\burgertime\minigin\x64\debug\texture2d.obj
c:\users\gautjekski\desktop\programming_4\burgertime\minigin\x64\debug\textobject.obj
c:\users\gautjekski\desktop\programming_4\burgertime\minigin\x64\debug\testcommand.obj
c:\users\gautjekski\desktop\programming_4\burgertime\minigin\x64\debug\subject.obj
c:\users\gautjekski\desktop\programming_4\burgertime\minigin\x64\debug\svgparser.obj
c:\users\gautjekski\desktop\programming_4\burgertime\minigin\x64\debug\utils.obj
c:\users\gautjekski\desktop\programming_4\burgertime\x64\debug\minigin.lib
c:\users\gautjekski\desktop\programming_4\burgertime\minigin\x64\debug\minigin.tlog\cl.command.1.tlog
c:\users\gautjekski\desktop\programming_4\burgertime\minigin\x64\debug\minigin.tlog\cl.read.1.tlog
c:\users\gautjekski\desktop\programming_4\burgertime\minigin\x64\debug\minigin.tlog\cl.write.1.tlog
c:\users\gautjekski\desktop\programming_4\burgertime\minigin\x64\debug\minigin.tlog\lib-link.read.1.tlog
c:\users\gautjekski\desktop\programming_4\burgertime\minigin\x64\debug\minigin.tlog\lib-link.write.1.tlog
c:\users\gautjekski\desktop\programming_4\burgertime\minigin\x64\debug\minigin.tlog\lib.command.1.tlog
